Arguments: 
  C:\Program Files\nodejs\node.exe C:\Program Files (x86)\Yarn\bin\yarn.js add Hi, Mike!

PATH: 
  C:\Program Files\Microsoft MPI\Bin\;C:\WINDOWS\system32;C:\WINDOWS;C:\WINDOWS\System32\Wbem;C:\WINDOWS\System32\WindowsPowerShell\v1.0\;C:\WINDOWS\System32\OpenSSH\;C:\Program Files\Microsoft SQL Server\Client SDK\ODBC\170\Tools\Binn\;C:\Program Files (x86)\Microsoft SQL Server\150\Tools\Binn\;C:\Program Files\Microsoft SQL Server\150\Tools\Binn\;C:\Program Files\Microsoft SQL Server\150\DTS\Binn\;C:\Program Files\Git\cmd;C:\Program Files (x86)\Yarn\bin\;C:\Program Files\dotnet\;C:\Program Files\Microsoft SQL Server\130\Tools\Binn\;C:\Program Files\Azure Data Studio\bin;C:\Users\edwar\AppData\Local\Android\Sdk\platform-tools;C:\Users\edwar\AppData\Roaming\nvm;C:\Program Files\nodejs;C:\Program Files\Java\jdk-15.0.1\bin;C:\Users\edwar\AppData\Local\Microsoft\WindowsApps;C:\Users\edwar\AppData\Local\Programs\Microsoft VS Code\bin;C:\Users\edwar\AppData\Roaming\npm;C:\Users\edwar\AppData\Local\GitHubDesktop\bin;C:\Users\edwar\AppData\Local\Yarn\bin;C:\Users\edwar\.dotnet\tools;C:\Program Files\Azure Data Studio\bin;C:\Users\edwar\Documents\Edwards\GolfPro;C:\Users\edwar\AppData\Roaming\nvm;C:\Program Files\nodejs;C:\Program Files\Java\jdk-15.0.1\bin;C:\Users\edwar\AppData\Local\Google\Cloud SDK\google-cloud-sdk\bin

Yarn version: 
  1.22.5

Node version: 
  12.19.0

Platform: 
  win32 x64

Trace: 
  Error: https://registry.yarnpkg.com/Hi,: Not found
      at Request.params.callback [as _callback] (C:\Program Files (x86)\Yarn\lib\cli.js:66097:18)
      at Request.self.callback (C:\Program Files (x86)\Yarn\lib\cli.js:140749:22)
      at Request.emit (events.js:314:20)
      at Request.<anonymous> (C:\Program Files (x86)\Yarn\lib\cli.js:141721:10)
      at Request.emit (events.js:314:20)
      at IncomingMessage.<anonymous> (C:\Program Files (x86)\Yarn\lib\cli.js:141643:12)
      at Object.onceWrapper (events.js:420:28)
      at IncomingMessage.emit (events.js:326:22)
      at endReadableNT (_stream_readable.js:1223:12)
      at processTicksAndRejections (internal/process/task_queues.js:84:21)

npm manifest: 
  {
    "name": "brainjs-test",
    "version": "1.0.0",
    "main": "index.js",
    "license": "MIT"
  }

yarn manifest: 
  No manifest

Lockfile: 
  No lockfile
